have_header: checking for ruby/thread.h... -------------------- no

"/usr/local/opt/gcc46/bin/gcc-4.6 -o conftest -I/Users/scervera/.rvm/rubies/ruby-1.9.3-p194/include/ruby-1.9.1/x86_64-darwin13.0.0 -I/Users/scervera/.rvm/rubies/ruby-1.9.3-p194/include/ruby-1.9.1/ruby/backward -I/Users/scervera/.rvm/rubies/ruby-1.9.3-p194/include/ruby-1.9.1 -I. -I/usr/local/opt/libyaml/include -D_XOPEN_SOURCE -D_DARWIN_C_SOURCE    -O3 -ggdb -Wextra -Wno-unused-parameter -Wno-parentheses -Wno-long-long -Wno-missing-field-initializers -Wpointer-arith -Wwrite-strings -Wdeclaration-after-statement -Wimplicit-function-declaration -O3 -I/usr/local/opt/readline/include -I/usr/local/opt/libksba/include -I/usr/local/opt/openssl/include -fno-common -pipe conftest.c  -L. -L/Users/scervera/.rvm/rubies/ruby-1.9.3-p194/lib -L/usr/local/opt/libyaml/lib -L. -L/usr/local/opt/readline/lib -L/usr/local/opt/libksba/lib -L/usr/local/opt/openssl/lib -L/usr/local/lib     -lruby.1.9.1  -lpthread -ldl -lobjc "
checked program was:
/* begin */
1: #include "ruby.h"
2: 
3: int main() {return 0;}
/* end */

"/usr/local/opt/gcc46/bin/gcc-4.6 -E -I/Users/scervera/.rvm/rubies/ruby-1.9.3-p194/include/ruby-1.9.1/x86_64-darwin13.0.0 -I/Users/scervera/.rvm/rubies/ruby-1.9.3-p194/include/ruby-1.9.1/ruby/backward -I/Users/scervera/.rvm/rubies/ruby-1.9.3-p194/include/ruby-1.9.1 -I. -I/usr/local/opt/libyaml/include -D_XOPEN_SOURCE -D_DARWIN_C_SOURCE    -O3 -ggdb -Wextra -Wno-unused-parameter -Wno-parentheses -Wno-long-long -Wno-missing-field-initializers -Wpointer-arith -Wwrite-strings -Wdeclaration-after-statement -Wimplicit-function-declaration -O3 -I/usr/local/opt/readline/include -I/usr/local/opt/libksba/include -I/usr/local/opt/openssl/include -fno-common -pipe  conftest.c -o conftest.i"
conftest.c:3:25: fatal error: ruby/thread.h: No such file or directory
compilation terminated.
checked program was:
/* begin */
1: #include "ruby.h"
2: 
3: #include <ruby/thread.h>
/* end */

--------------------

have_func: checking for rb_thread_blocking_region()... -------------------- yes

"/usr/local/opt/gcc46/bin/gcc-4.6 -o conftest -I/Users/scervera/.rvm/rubies/ruby-1.9.3-p194/include/ruby-1.9.1/x86_64-darwin13.0.0 -I/Users/scervera/.rvm/rubies/ruby-1.9.3-p194/include/ruby-1.9.1/ruby/backward -I/Users/scervera/.rvm/rubies/ruby-1.9.3-p194/include/ruby-1.9.1 -I. -I/usr/local/opt/libyaml/include -D_XOPEN_SOURCE -D_DARWIN_C_SOURCE    -O3 -ggdb -Wextra -Wno-unused-parameter -Wno-parentheses -Wno-long-long -Wno-missing-field-initializers -Wpointer-arith -Wwrite-strings -Wdeclaration-after-statement -Wimplicit-function-declaration -O3 -I/usr/local/opt/readline/include -I/usr/local/opt/libksba/include -I/usr/local/opt/openssl/include -fno-common -pipe conftest.c  -L. -L/Users/scervera/.rvm/rubies/ruby-1.9.3-p194/lib -L/usr/local/opt/libyaml/lib -L. -L/usr/local/opt/readline/lib -L/usr/local/opt/libksba/lib -L/usr/local/opt/openssl/lib -L/usr/local/lib     -lruby.1.9.1  -lpthread -ldl -lobjc "
checked program was:
/* begin */
1: #include "ruby.h"
2: 
3: /*top*/
4: int main() {return 0;}
5: int t() { void ((*volatile p)()); p = (void ((*)()))rb_thread_blocking_region; return 0; }
/* end */

--------------------

have_func: checking for rb_wait_for_single_fd()... -------------------- yes

"/usr/local/opt/gcc46/bin/gcc-4.6 -o conftest -I/Users/scervera/.rvm/rubies/ruby-1.9.3-p194/include/ruby-1.9.1/x86_64-darwin13.0.0 -I/Users/scervera/.rvm/rubies/ruby-1.9.3-p194/include/ruby-1.9.1/ruby/backward -I/Users/scervera/.rvm/rubies/ruby-1.9.3-p194/include/ruby-1.9.1 -I. -I/usr/local/opt/libyaml/include -D_XOPEN_SOURCE -D_DARWIN_C_SOURCE    -O3 -ggdb -Wextra -Wno-unused-parameter -Wno-parentheses -Wno-long-long -Wno-missing-field-initializers -Wpointer-arith -Wwrite-strings -Wdeclaration-after-statement -Wimplicit-function-declaration -O3 -I/usr/local/opt/readline/include -I/usr/local/opt/libksba/include -I/usr/local/opt/openssl/include -fno-common -pipe conftest.c  -L. -L/Users/scervera/.rvm/rubies/ruby-1.9.3-p194/lib -L/usr/local/opt/libyaml/lib -L. -L/usr/local/opt/readline/lib -L/usr/local/opt/libksba/lib -L/usr/local/opt/openssl/lib -L/usr/local/lib     -lruby.1.9.1  -lpthread -ldl -lobjc "
conftest.c: In function 't':
conftest.c:5:53: error: 'rb_wait_for_single_fd' undeclared (first use in this function)
conftest.c:5:53: note: each undeclared identifier is reported only once for each function it appears in
checked program was:
/* begin */
1: #include "ruby.h"
2: 
3: /*top*/
4: int main() {return 0;}
5: int t() { void ((*volatile p)()); p = (void ((*)()))rb_wait_for_single_fd; return 0; }
/* end */

"/usr/local/opt/gcc46/bin/gcc-4.6 -o conftest -I/Users/scervera/.rvm/rubies/ruby-1.9.3-p194/include/ruby-1.9.1/x86_64-darwin13.0.0 -I/Users/scervera/.rvm/rubies/ruby-1.9.3-p194/include/ruby-1.9.1/ruby/backward -I/Users/scervera/.rvm/rubies/ruby-1.9.3-p194/include/ruby-1.9.1 -I. -I/usr/local/opt/libyaml/include -D_XOPEN_SOURCE -D_DARWIN_C_SOURCE    -O3 -ggdb -Wextra -Wno-unused-parameter -Wno-parentheses -Wno-long-long -Wno-missing-field-initializers -Wpointer-arith -Wwrite-strings -Wdeclaration-after-statement -Wimplicit-function-declaration -O3 -I/usr/local/opt/readline/include -I/usr/local/opt/libksba/include -I/usr/local/opt/openssl/include -fno-common -pipe conftest.c  -L. -L/Users/scervera/.rvm/rubies/ruby-1.9.3-p194/lib -L/usr/local/opt/libyaml/lib -L. -L/usr/local/opt/readline/lib -L/usr/local/opt/libksba/lib -L/usr/local/opt/openssl/lib -L/usr/local/lib     -lruby.1.9.1  -lpthread -ldl -lobjc "
conftest.c: In function 't':
conftest.c:5:1: warning: implicit declaration of function 'rb_wait_for_single_fd' [-Wimplicit-function-declaration]
checked program was:
/* begin */
1: #include "ruby.h"
2: 
3: /*top*/
4: int main() {return 0;}
5: int t() { rb_wait_for_single_fd(); return 0; }
/* end */

--------------------

have_func: checking for rb_hash_dup()... -------------------- yes

"/usr/local/opt/gcc46/bin/gcc-4.6 -o conftest -I/Users/scervera/.rvm/rubies/ruby-1.9.3-p194/include/ruby-1.9.1/x86_64-darwin13.0.0 -I/Users/scervera/.rvm/rubies/ruby-1.9.3-p194/include/ruby-1.9.1/ruby/backward -I/Users/scervera/.rvm/rubies/ruby-1.9.3-p194/include/ruby-1.9.1 -I. -I/usr/local/opt/libyaml/include -D_XOPEN_SOURCE -D_DARWIN_C_SOURCE    -O3 -ggdb -Wextra -Wno-unused-parameter -Wno-parentheses -Wno-long-long -Wno-missing-field-initializers -Wpointer-arith -Wwrite-strings -Wdeclaration-after-statement -Wimplicit-function-declaration -O3 -I/usr/local/opt/readline/include -I/usr/local/opt/libksba/include -I/usr/local/opt/openssl/include -fno-common -pipe conftest.c  -L. -L/Users/scervera/.rvm/rubies/ruby-1.9.3-p194/lib -L/usr/local/opt/libyaml/lib -L. -L/usr/local/opt/readline/lib -L/usr/local/opt/libksba/lib -L/usr/local/opt/openssl/lib -L/usr/local/lib     -lruby.1.9.1  -lpthread -ldl -lobjc "
checked program was:
/* begin */
1: #include "ruby.h"
2: 
3: /*top*/
4: int main() {return 0;}
5: int t() { void ((*volatile p)()); p = (void ((*)()))rb_hash_dup; return 0; }
/* end */

--------------------

have_func: checking for rb_intern3()... -------------------- yes

"/usr/local/opt/gcc46/bin/gcc-4.6 -o conftest -I/Users/scervera/.rvm/rubies/ruby-1.9.3-p194/include/ruby-1.9.1/x86_64-darwin13.0.0 -I/Users/scervera/.rvm/rubies/ruby-1.9.3-p194/include/ruby-1.9.1/ruby/backward -I/Users/scervera/.rvm/rubies/ruby-1.9.3-p194/include/ruby-1.9.1 -I. -I/usr/local/opt/libyaml/include -D_XOPEN_SOURCE -D_DARWIN_C_SOURCE    -O3 -ggdb -Wextra -Wno-unused-parameter -Wno-parentheses -Wno-long-long -Wno-missing-field-initializers -Wpointer-arith -Wwrite-strings -Wdeclaration-after-statement -Wimplicit-function-declaration -O3 -I/usr/local/opt/readline/include -I/usr/local/opt/libksba/include -I/usr/local/opt/openssl/include -fno-common -pipe conftest.c  -L. -L/Users/scervera/.rvm/rubies/ruby-1.9.3-p194/lib -L/usr/local/opt/libyaml/lib -L. -L/usr/local/opt/readline/lib -L/usr/local/opt/libksba/lib -L/usr/local/opt/openssl/lib -L/usr/local/lib     -lruby.1.9.1  -lpthread -ldl -lobjc "
conftest.c: In function 't':
conftest.c:5:53: error: 'rb_intern3' undeclared (first use in this function)
conftest.c:5:53: note: each undeclared identifier is reported only once for each function it appears in
checked program was:
/* begin */
1: #include "ruby.h"
2: 
3: /*top*/
4: int main() {return 0;}
5: int t() { void ((*volatile p)()); p = (void ((*)()))rb_intern3; return 0; }
/* end */

"/usr/local/opt/gcc46/bin/gcc-4.6 -o conftest -I/Users/scervera/.rvm/rubies/ruby-1.9.3-p194/include/ruby-1.9.1/x86_64-darwin13.0.0 -I/Users/scervera/.rvm/rubies/ruby-1.9.3-p194/include/ruby-1.9.1/ruby/backward -I/Users/scervera/.rvm/rubies/ruby-1.9.3-p194/include/ruby-1.9.1 -I. -I/usr/local/opt/libyaml/include -D_XOPEN_SOURCE -D_DARWIN_C_SOURCE    -O3 -ggdb -Wextra -Wno-unused-parameter -Wno-parentheses -Wno-long-long -Wno-missing-field-initializers -Wpointer-arith -Wwrite-strings -Wdeclaration-after-statement -Wimplicit-function-declaration -O3 -I/usr/local/opt/readline/include -I/usr/local/opt/libksba/include -I/usr/local/opt/openssl/include -fno-common -pipe conftest.c  -L. -L/Users/scervera/.rvm/rubies/ruby-1.9.3-p194/lib -L/usr/local/opt/libyaml/lib -L. -L/usr/local/opt/readline/lib -L/usr/local/opt/libksba/lib -L/usr/local/opt/openssl/lib -L/usr/local/lib     -lruby.1.9.1  -lpthread -ldl -lobjc "
conftest.c: In function 't':
conftest.c:5:1: warning: implicit declaration of function 'rb_intern3' [-Wimplicit-function-declaration]
checked program was:
/* begin */
1: #include "ruby.h"
2: 
3: /*top*/
4: int main() {return 0;}
5: int t() { rb_intern3(); return 0; }
/* end */

--------------------

have_header: checking for mysql.h... -------------------- yes

"/usr/local/opt/gcc46/bin/gcc-4.6 -E -I/Users/scervera/.rvm/rubies/ruby-1.9.3-p194/include/ruby-1.9.1/x86_64-darwin13.0.0 -I/Users/scervera/.rvm/rubies/ruby-1.9.3-p194/include/ruby-1.9.1/ruby/backward -I/Users/scervera/.rvm/rubies/ruby-1.9.3-p194/include/ruby-1.9.1 -I. -I/usr/local/mysql/include -I/usr/local/opt/libyaml/include -D_XOPEN_SOURCE -D_DARWIN_C_SOURCE    -O3 -ggdb -Wextra -Wno-unused-parameter -Wno-parentheses -Wno-long-long -Wno-missing-field-initializers -Wpointer-arith -Wwrite-strings -Wdeclaration-after-statement -Wimplicit-function-declaration -O3 -I/usr/local/opt/readline/include -I/usr/local/opt/libksba/include -I/usr/local/opt/openssl/include -fno-common -pipe  conftest.c -o conftest.i"
checked program was:
/* begin */
1: #include "ruby.h"
2: 
3: #include <mysql.h>
/* end */

--------------------

have_header: checking for errmsg.h... -------------------- yes

"/usr/local/opt/gcc46/bin/gcc-4.6 -E -I/Users/scervera/.rvm/rubies/ruby-1.9.3-p194/include/ruby-1.9.1/x86_64-darwin13.0.0 -I/Users/scervera/.rvm/rubies/ruby-1.9.3-p194/include/ruby-1.9.1/ruby/backward -I/Users/scervera/.rvm/rubies/ruby-1.9.3-p194/include/ruby-1.9.1 -I. -I/usr/local/mysql/include -I/usr/local/opt/libyaml/include -D_XOPEN_SOURCE -D_DARWIN_C_SOURCE    -O3 -ggdb -Wextra -Wno-unused-parameter -Wno-parentheses -Wno-long-long -Wno-missing-field-initializers -Wpointer-arith -Wwrite-strings -Wdeclaration-after-statement -Wimplicit-function-declaration -O3 -I/usr/local/opt/readline/include -I/usr/local/opt/libksba/include -I/usr/local/opt/openssl/include -fno-common -pipe  conftest.c -o conftest.i"
checked program was:
/* begin */
1: #include "ruby.h"
2: 
3: #include <errmsg.h>
/* end */

--------------------

have_header: checking for mysqld_error.h... -------------------- yes

"/usr/local/opt/gcc46/bin/gcc-4.6 -E -I/Users/scervera/.rvm/rubies/ruby-1.9.3-p194/include/ruby-1.9.1/x86_64-darwin13.0.0 -I/Users/scervera/.rvm/rubies/ruby-1.9.3-p194/include/ruby-1.9.1/ruby/backward -I/Users/scervera/.rvm/rubies/ruby-1.9.3-p194/include/ruby-1.9.1 -I. -I/usr/local/mysql/include -I/usr/local/opt/libyaml/include -D_XOPEN_SOURCE -D_DARWIN_C_SOURCE    -O3 -ggdb -Wextra -Wno-unused-parameter -Wno-parentheses -Wno-long-long -Wno-missing-field-initializers -Wpointer-arith -Wwrite-strings -Wdeclaration-after-statement -Wimplicit-function-declaration -O3 -I/usr/local/opt/readline/include -I/usr/local/opt/libksba/include -I/usr/local/opt/openssl/include -fno-common -pipe  conftest.c -o conftest.i"
checked program was:
/* begin */
1: #include "ruby.h"
2: 
3: #include <mysqld_error.h>
/* end */

--------------------

"/usr/local/opt/gcc46/bin/gcc-4.6 -o conftest -I/Users/scervera/.rvm/rubies/ruby-1.9.3-p194/include/ruby-1.9.1/x86_64-darwin13.0.0 -I/Users/scervera/.rvm/rubies/ruby-1.9.3-p194/include/ruby-1.9.1/ruby/backward -I/Users/scervera/.rvm/rubies/ruby-1.9.3-p194/include/ruby-1.9.1 -I. -I/usr/local/mysql/include -I/usr/local/opt/libyaml/include -D_XOPEN_SOURCE -D_DARWIN_C_SOURCE    -O3 -ggdb -Wextra -Wno-unused-parameter -Wno-parentheses -Wno-long-long -Wno-missing-field-initializers -Wpointer-arith -Wwrite-strings -Wdeclaration-after-statement -Wimplicit-function-declaration -O3 -I/usr/local/opt/readline/include -I/usr/local/opt/libksba/include -I/usr/local/opt/openssl/include -fno-common -pipe conftest.c  -L. -L/Users/scervera/.rvm/rubies/ruby-1.9.3-p194/lib -L/usr/local/opt/libyaml/lib -L. -L/usr/local/opt/readline/lib -L/usr/local/opt/libksba/lib -L/usr/local/opt/openssl/lib -L/usr/local/lib    -L/usr/local/mysql/lib -lmysqlclient   -lpthread  -lruby.1.9.1  -Wall -funroll-loops -lpthread -ldl -lobjc "
checked program was:
/* begin */
1: #include "ruby.h"
2: 
3: int main() {return 0;}
/* end */

"/usr/local/opt/gcc46/bin/gcc-4.6 -o conftest -I/Users/scervera/.rvm/rubies/ruby-1.9.3-p194/include/ruby-1.9.1/x86_64-darwin13.0.0 -I/Users/scervera/.rvm/rubies/ruby-1.9.3-p194/include/ruby-1.9.1/ruby/backward -I/Users/scervera/.rvm/rubies/ruby-1.9.3-p194/include/ruby-1.9.1 -I. -I/usr/local/mysql/include -I/usr/local/opt/libyaml/include -D_XOPEN_SOURCE -D_DARWIN_C_SOURCE    -O3 -ggdb -Wextra -Wno-unused-parameter -Wno-parentheses -Wno-long-long -Wno-missing-field-initializers -Wpointer-arith -Wwrite-strings -Wdeclaration-after-statement -Wimplicit-function-declaration -O3 -I/usr/local/opt/readline/include -I/usr/local/opt/libksba/include -I/usr/local/opt/openssl/include -fno-common -pipe -Wall -funroll-loops conftest.c  -L. -L/Users/scervera/.rvm/rubies/ruby-1.9.3-p194/lib -L/usr/local/opt/libyaml/lib -L. -L/usr/local/opt/readline/lib -L/usr/local/opt/libksba/lib -L/usr/local/opt/openssl/lib -L/usr/local/lib    -L/usr/local/mysql/lib -lmysqlclient   -lpthread  -lruby.1.9.1  -Wl,-rpath,/usr/local/mysql/lib -lpthread -ldl -lobjc "
checked program was:
/* begin */
1: #include "ruby.h"
2: 
3: int main() {return 0;}
/* end */

